C51 COMPILER V9.52.0.0   LCD_INIT                                                          02/24/2021 22:17:59 PAGE 1   


C51 COMPILER V9.52.0.0, COMPILATION OF MODULE LCD_INIT
OBJECT MODULE PLACED IN LCD_init.obj
COMPILER INVOKED BY: C:\Keil\C51\BIN\C51.EXE APP\LCD_init.c COMPACT BROWSE INCDIR(.\mcu_sdk) DEBUG OBJECTEXTEND PRINT(.\
                    -LCD_init.lst) OBJECT(LCD_init.obj)

line level    source

   1                            
   2          /**************************Copyleft(C)Liuyalou******************                
   3          **-------------------File Info-------------------------------------
   4          **File Name:     main.c
   5          **Last modified Date:  2017.04.22
   6          **MCU:           STC15W4K48S4
   7          **Last Version:  1.0
   8          **Descriptions:  
   9          **Created by: LYL   
  10          *******************************************************************/
  11          /* ÈíàÂØπÊ∂≤Êô∂Ê®°ÂùóÂûãÂè∑ÔºöJLX12864G-573
  12             ‰∏≤Ë°åÊé•Âè£Ôºå
  13             Â∏¶‰∏≠ÊñáÂ≠óÂ∫ìICÔºöJLX-GB2312ÔºåÁ´ñÁΩÆÊ®™Êéí
  14             È©±Âä®ICÊòØ:ST7565R
  15             
  16          */
  17          //#include <reg52.H>
  18          //#include <intrins.h>
  19          #include "LCD_init.h"
  20          
  21          
  22          
  23          sbit cs1=P2^1;   //
  24          sbit reset=P2^0; //
  25          sbit rs=P2^4;    //
  26          sbit sid=P2^3;
  27          
  28          sbit sclk=P2^2;
  29          
  30          
  31          void transfer_data(uint16   data1);
  32          void transfer_command(uint16   data1);
  33          
  34          void delay(uint16  i);
  35          void Delay1(uint8  i);
  36          
  37          uint8 code ascii_table_8x16[95][16];
  38          //uint8 code ascii_table_5x8[95][5];
  39          //uint8 code ascii_table_12x24[][36];
  40          uint8 code ascii_table_8x20[][16];
  41          //uint8 code ascii_table_12x24_6[];
  42          
  43          
  44          
  45          
  46          
  47          //============initial
  48          void initial_lcd(void)
  49          {
  50   1              reset=0;
  51   1              delay(100);
  52   1              reset=1;
  53   1              delay(100);
  54   1              
C51 COMPILER V9.52.0.0   LCD_INIT                                                          02/24/2021 22:17:59 PAGE 2   

  55   1              transfer_command(0x2c);
  56   1              delay(200);
  57   1              transfer_command(0x2e);
  58   1              delay(200);
  59   1              transfer_command(0x2f); //?????
  60   1              delay(10);
  61   1              
  62   1              transfer_command(0xae); //???
  63   1              transfer_command(0x38); //????
  64   1              transfer_command(0xb8); // FR=1011 => 85Hz
  65   1                                // BE[1:0]=1,0 => booster efficiency Level-3  
  66   1              transfer_command(0xc8); //????? 
  67   1              transfer_command(0xa0); //?????
  68   1              
  69   1              transfer_command(0x54); //0x54  1/9 bias
  70   1              transfer_command(0xf3); //????????
  71   1              transfer_command(0x04);
  72   1              transfer_command(0x93); //?FRC?PWM??(4frc?15pwm)
  73   1              
  74   1              transfer_command(0x44); //????COM0 Set initial COM0 register
  75   1              transfer_command(0x00);
  76   1              transfer_command(0x40); //?????
  77   1              transfer_command(0x00);
  78   1              transfer_command(0xab); //OSC. ON
  79   1              transfer_command(0x67); //DC-DC step up  , 8 times boosting circuit
  80   1              
  81   1              transfer_command(0x7b); //??????3
  82   1              transfer_command(0x11); //????
  83   1      //      transfer_command(0x10); //?????
  84   1              transfer_command(0x00); 
  85   1      
  86   1              transfer_command(0x24); //0x24?????,?????0x20~0x27
  87   1              transfer_command(0x81); //?????
  88   1              transfer_command(0x33); //36 ???????,?????0x00~0x3f
  89   1      
  90   1              transfer_command(0xaf); //???
  91   1      }
  92          
  93          void lcd_address(uint8  page,uint8  column)
  94          {
  95   1              cs1=0;
  96   1              column=column-1;
  97   1              page=page-1;
  98   1              transfer_command(0xb0+page);
  99   1              transfer_command(((column>>4)&0x0f)+0x10);
 100   1              transfer_command(column&0x0f);
 101   1      }
 102          
 103          //===============clear all dot martrics=============
 104          void clear_screen()
 105          {
 106   1         uint8 i,j;
 107   1              for(j=0;j<16;j++)
 108   1              {
 109   2                      lcd_address(j+1,1);
 110   2                      for(i=0;i<128;i++)
 111   2                      {
 112   3                              transfer_data(0x00);
 113   3                      }
 114   2              }
 115   1      }
 116          
C51 COMPILER V9.52.0.0   LCD_INIT                                                          02/24/2021 22:17:59 PAGE 3   

 117          
 118          /*=======ÂÜôÊåá‰ª§========*/
 119          void transfer_command(uint16  data1)   
 120          {
 121   1              uint8  i;
 122   1              cs1=0;
 123   1              rs=0;
 124   1              for(i=0;i<8;i++) 
 125   1              {
 126   2                      sclk=0;
 127   2                      Delay1(2);
 128   2                      if(data1&0x80) sid=1;
 129   2                      else sid=0;
 130   2                      sclk=1;
 131   2                      Delay1(2);
 132   2                      data1=data1<<=1;        
 133   2              }
 134   1              cs1=1;
 135   1      }
 136          
 137          /*--------ÂÜôÊï∞ÊçÆ------------*/
 138          void transfer_data(uint16  data1)
 139          {
 140   1              uint8  i;
 141   1              cs1=0;
 142   1              rs=1;
 143   1              for(i=0;i<8;i++)
 144   1              {
 145   2                      sclk=0;
 146   2                      if(data1&0x80) sid=1;
 147   2                      else sid=0;
 148   2                      sclk=1;
 149   2                      data1=data1<<=1;                
 150   2              }
 151   1              cs1=1;
 152   1      }
 153          
 154          
 155          
 156          
 157          //=============delay time=====================
 158          void delay(uint16  i)               
 159          {
 160   1              uint16  j,k;
 161   1              for(j=0;j<i;j++)
 162   1              for(k=0;k<990;k++);
 163   1      }
 164          
 165          //=============delay time=====================
 166          void Delay1(uint8 i)
 167          {
 168   1              uint8  j,k;
 169   1              for(j=0;j<i;j++)
 170   1              for(k=0;k<10;k++);
 171   1      }
 172          
 173          
 174          
 175          /*
 176          void display_16x16(uint8  page,uint8   column,uint8  *dp)
 177          {
 178                  uint8  i,j;
C51 COMPILER V9.52.0.0   LCD_INIT                                                          02/24/2021 22:17:59 PAGE 4   

 179                  for(j=0;j<2;j++)
 180                  {
 181                          lcd_address(page+j,column+1);
 182                          for(i=0;i<16;i++)
 183                          {
 184                                  transfer_data(*dp);
 185                                  dp++;
 186                          }
 187                  }       
 188          }
 189          void display_32x32(uint8 xdata page,uint8 xdata column,uint8  *dp)
 190          {
 191                  xdata uint16 i,j;
 192                  for(j=0;j<4;j++)
 193                  {
 194                          lcd_address(page+j,column+1);
 195                          for(i=0;i<31;i++)
 196                          {
 197                                  transfer_data(*dp);
 198                                  dp++;
 199                          }
 200                  }       
 201          }
 202           */
 203          /* 
 204          void display_8x8(uint8 xdata page,uint8 xdata column,uint8 xdata reverse,uint8 *dp)
 205          {
 206                  xdata uint8  j;//i,
 207          //      for(i=0;i<2;i++)
 208                  {
 209                          lcd_address(page,column);
 210                          for(j=0;j<8;j++)
 211                          {
 212                                  if(reverse==1)
 213                                          transfer_data(~*dp);
 214                                  else
 215                                          transfer_data(*dp);
 216                                  dp++;
 217                          }
 218                  }
 219          } 
 220          */
 221          void display_string_8x16(uint16  page,uint16  column,uint8 *text)
 222          {
 223   1              uint16  i=0,j,k,n;
 224   1              cs1=0;
 225   1              while(text[i]>0x00)
 226   1              {       
 227   2                      if((text[i]>=0x20)&&(text[i]<=0x7e))
 228   2                      {
 229   3                              j=text[i]-0x20;
 230   3                              for(n=0;n<2;n++)
 231   3                              {                       
 232   4                                      lcd_address(page+n,column);
 233   4                                      for(k=0;k<8;k++)
 234   4                                      {
 235   5                                              transfer_data(ascii_table_8x16[j][k+8*n]);//ÊòæÁ§∫5x7ÁöÑASCIIÂ≠óÂà∞LCD‰∏äÔºåy‰∏∫È°µÂú∞ÂùÄÔºåx‰∏∫ÂàóÂú
             -∞ÂùÄÔºåÊúÄÂêé‰∏∫Êï∞ÊçÆ
 236   5                                      }
 237   4                              }
 238   3                              i++;
 239   3                              column+=8;
C51 COMPILER V9.52.0.0   LCD_INIT                                                          02/24/2021 22:17:59 PAGE 5   

 240   3                              if(column>127)
 241   3                              {
 242   4                                      column=0;
 243   4                                      page+=2;
 244   4                              }
 245   3                      }
 246   2                      else
 247   2                      i++;
 248   2              }
 249   1      }
 250           
 251          
 252          void display_data_8x20(uint8  page,uint8 column,uint8 dat)
 253          {
 254   1              uint8  k,n;
 255   1              cs1=0;
 256   1              
 257   1              if(dat >13)  return;
 258   1              for(n=0;n<2;n++)
 259   1              {                       
 260   2                      lcd_address(page+n,column);
 261   2                      for(k=0;k<8;k++)
 262   2                      {
 263   3                              transfer_data(ascii_table_8x20[dat][k+8*n]);/*ÊòæÁ§∫5x7ÁöÑASCIIÂ≠óÂà∞LCD‰∏äÔºåy‰∏∫È°µÂú∞ÂùÄÔºåx‰∏∫ÂàóÂú
             -∞ÂùÄÔºåÊúÄÂêé‰∏∫Êï∞ÊçÆ*/
 264   3                      }
 265   2              }
 266   1              
 267   1      }
 268          
 269          void TY_display(void)
 270          {
 271   1              display_string_8x16(1,8,"Tem:");
 272   1              display_string_8x16(3,8,"Hum:");
 273   1              display_data_8x20(11,7,0);
 274   1      }
 275          
 276          
 277          
 278          /* code uint8  dian[]={
 279          
 280          //0x06,0x0F,0x0F,0x06,0x00,0x00,0x00,0x00,
 281                  0x00,0x00,0x00,0x78,0x78,0x78,0x78,0x78
 282          }; */
 283          uint8 code dian2[]={
 284          /*--  Ë∞ÉÂÖ•‰∫Ü‰∏ÄÂπÖÂõæÂÉèÔºöËøôÊòØÊÇ®Êñ∞Âª∫ÁöÑÂõæÂÉè  --*/
 285          /*--  ÂÆΩÂ∫¶xÈ´òÂ∫¶=8x8  --*/
 286          //0x03,0x03,0x00,0x00,0x00,0x00,0x00,0x00,
 287                  0x00,0xF8,0xF8,0xF8,0xF8,0xF8,0xF8,0xF8
 288          };
 289          uint8 code no_dian[]={
 290          0x00,0x00,0x00,0x00,0x00,0x00,0x00,0x00,
 291          };
 292          
 293          
 294          
 295          
 296          /* uint8 code ascii_table_12x24_6[]={
 297                  0xC0,0xF0,0x38,0x0C,0x04,0x04,0x0C,0x7C,  // -6-
 298                  0x78,0x30,0x00,0x00,0xFF,0xFF,0x08,0x04,
 299                  0x02,0x02,0x02,0x06,0x1C,0xF8,0xE0,0x00,
 300                  0x03,0x0F,0x1C,0x30,0x20,0x20,0x20,0x30,
C51 COMPILER V9.52.0.0   LCD_INIT                                                          02/24/2021 22:17:59 PAGE 6   

 301                  0x1C,0x0F,0x03,0x00,
 302          }; */
 303          uint8 code ascii_table_8x20[][16]={
 304          
 305          0xF8,0x3C,0x06,0x06,0x06,0x06,0xFC,0xF0,0x0F,0x3C,0x20,0x60,0x60,0x30,0x3F,0x0F,/*"0",0*/
 306          
 307          0x00,0x10,0x18,0xFC,0xFE,0x00,0x00,0x00,0x00,0x00,0x00,0x7F,0x7F,0x00,0x00,0x00,/*"1",1*/
 308          
 309          0x18,0x0C,0x06,0x06,0x06,0xC6,0xFC,0x38,0x60,0x70,0x78,0x6E,0x63,0x61,0x60,0x60,/*"2",2*/
 310          
 311          0x18,0x0C,0x06,0x82,0x82,0xC6,0x7C,0x18,0x18,0x30,0x60,0x60,0x60,0x21,0x3F,0x0E,/*"3",3*/
 312          
 313          0x00,0x80,0xC0,0x70,0x18,0xFE,0xFE,0x00,0x0F,0x0D,0x0C,0x0C,0x0C,0x7F,0x7F,0x0C,/*"4",4*/
 314          
 315          0xE0,0xFE,0x46,0x46,0x46,0xC6,0x86,0x00,0x38,0x20,0x60,0x60,0x60,0x30,0x3F,0x0F,/*"5",5*/
 316          
 317          0x80,0xC0,0xF0,0x58,0x4E,0xC2,0xC0,0x80,0x1F,0x3B,0x60,0x60,0x60,0x60,0x31,0x1F,/*"6",6*/
 318          
 319          0x06,0x06,0x06,0x06,0x86,0xE6,0x3E,0x0E,0x00,0x00,0x70,0x3E,0x03,0x00,0x00,0x00,/*"7",7*/
 320          
 321          0x38,0xEC,0xC6,0x86,0x86,0xC6,0x7C,0x10,0x3F,0x31,0x61,0x60,0x60,0x61,0x3F,0x1E,/*"8",8*/
 322          
 323          0xFC,0x8C,0x06,0x06,0x06,0x86,0xFC,0x78,0x01,0x01,0x63,0x3B,0x1F,0x07,0x01,0x00,/*"9",9*/
 324          
 325          0x00,0x00,0x00,0x00,0xC0,0x30,0x0C,0x03,0x60,0x18,0x06,0x01,0x00,0x00,0x00,0x00,/*"/",10*/
 326          
 327          
 328          
 329          };
 330          
 331          uint8 code ascii_table_8x16[95][16]={
 332          //Á≤ó‰Ωì8x16ÁÇπÈòµÁöÑASCIIÁ†ÅÁöÑÁÇπÈòµÊï∞ÊçÆÔºå‰ªé"JLX-GB2312"ÂûãÂè∑ÁöÑÂ≠óÂ∫ìIC‰∏≠ËØªÂá∫Êù•ÁöÑÂõΩÊ†áÁöÑ„ÄÇ
 333          0x00,0x00,0x00,0x00, 0x00,0x00,0x00,0x00, 0x00,0x00,0x00,0x00, 0x00,0x00,0x00,0x00,             //- -(Âç≥‚ÄúÁ©∫Ê†º‚Äù
             -ÔºâASCIIÁ†ÅÔºö0X20
 334          0x00,0x00,0x38,0xFC, 0xFC,0x38,0x00,0x00, 0x00,0x00,0x00,0x0D, 0x0D,0x00,0x00,0x00,             //-!-                   ASCIIÁ†ÅÔºö0X
             -21
 335          0x00,0x0E,0x1E,0x00, 0x00,0x1E,0x0E,0x00, 0x00,0x00,0x00,0x00, 0x00,0x00,0x00,0x00,     //-"-
 336          0x20,0xF8,0xF8,0x20, 0xF8,0xF8,0x20,0x00, 0x02,0x0F,0x0F,0x02, 0x0F,0x0F,0x02,0x00,     //-#-
 337          0x38,0x7C,0x44,0x47, 0x47,0xCC,0x98,0x00, 0x06,0x0C,0x08,0x38, 0x38,0x0F,0x07,0x00,     //-$-
 338          0x30,0x30,0x00,0x80, 0xC0,0x60,0x30,0x00, 0x0C,0x06,0x03,0x01, 0x00,0x0C,0x0C,0x00,     //-%-
 339          0x80,0xD8,0x7C,0xE4, 0xBC,0xD8,0x40,0x00, 0x07,0x0F,0x08,0x08, 0x07,0x0F,0x08,0x00,             //-&-
 340          0x00,0x10,0x1E,0x0E, 0x00,0x00,0x00,0x00, 0x00,0x00,0x00,0x00, 0x00,0x00,0x00,0x00,             //-'-
 341          0x00,0x00,0xF0,0xF8, 0x0C,0x04,0x00,0x00, 0x00,0x00,0x03,0x07, 0x0C,0x08,0x00,0x00,             //-(-
 342          0x00,0x00,0x04,0x0C, 0xF8,0xF0,0x00,0x00, 0x00,0x00,0x08,0x0C, 0x07,0x03,0x00,0x00,             //-)-
 343          
 344          0x80,0xA0,0xE0,0xC0, 0xC0,0xE0,0xA0,0x80, 0x00,0x02,0x03,0x01, 0x01,0x03,0x02,0x00,             //-*-                   ASCIIÁ†ÅÔºö0X
             -2A
 345          0x00,0x80,0x80,0xE0, 0xE0,0x80,0x80,0x00, 0x00,0x00,0x00,0x03, 0x03,0x00,0x00,0x00,             //-+-
 346          0x00,0x00,0x00,0x00, 0x00,0x00,0x00,0x00, 0x00,0x00,0x10,0x1E, 0x0E,0x00,0x00,0x00,             //-,-
 347          0x80,0x80,0x80,0x80, 0x80,0x80,0x80,0x00, 0x00,0x00,0x00,0x00, 0x00,0x00,0x00,0x00,             //---
 348          0x00,0x00,0x00,0x00, 0x00,0x00,0x00,0x00, 0x00,0x00,0x00,0x0C, 0x0C,0x00,0x00,0x00,             //-.-
 349          0x00,0x00,0x00,0x80, 0xC0,0x60,0x30,0x00, 0x0C,0x06,0x03,0x01, 0x00,0x00,0x00,0x00,             //-/-
 350          0xF8,0xF8,0x0C,0xC4, 0x0C,0xF8,0xF0,0x00, 0x03,0x07,0x0C,0x08, 0x0C,0x07,0x03,0x00,             //-0-                   ASCIIÁ†ÅÔºö
             -0X30
 351          0x00,0x10,0x18,0xFC, 0xFC,0x00,0x00,0x00, 0x00,0x08,0x08,0x0F, 0x0F,0x08,0x08,0x00,             //-1-
 352          0x08,0x0C,0x84,0xC4, 0x64,0x3C,0x18,0x00, 0x0E,0x0F,0x09,0x08, 0x08,0x0C,0x0C,0x00,             //-2-
 353          0x08,0x0C,0x44,0x44, 0x44,0xFC,0xB8,0x00, 0x04,0x0C,0x08,0x08, 0x08,0x0F,0x07,0x00,             //-3-
 354          
 355          0xC0,0xE0,0xB0,0x98, 0xFC,0xFC,0x80,0x00, 0x00,0x00,0x00,0x08, 0x0F,0x0F,0x08,0x00,             //-4-                   ASCIIÁ†ÅÔºö0X
             -34
 356          0x7C,0x7C,0x44,0x44, 0x44,0xC4,0x84,0x00, 0x04,0x0C,0x08,0x08, 0x08,0x0F,0x07,0x00,             //-5-
 357          0xF0,0xF8,0x4C,0x44, 0x44,0xC0,0x80,0x00, 0x07,0x0F,0x08,0x08, 0x08,0x0F,0x07,0x00,             //-6-
C51 COMPILER V9.52.0.0   LCD_INIT                                                          02/24/2021 22:17:59 PAGE 7   

 358          0x0C,0x0C,0x04,0x84, 0xC4,0x7C,0x3C,0x00, 0x00,0x00,0x0F,0x0F, 0x00,0x00,0x00,0x00,             //-7-
 359          0xB8,0xFC,0x44,0x44, 0x44,0xFC,0xB8,0x00, 0x07,0x0F,0x08,0x08, 0x08,0x0F,0x07,0x00,             //-8-
 360          0x38,0x7C,0x44,0x44, 0x44,0xFC,0xF8,0x00, 0x00,0x08,0x08,0x08, 0x0C,0x07,0x03,0x00,             //-9-
 361          0x00,0x00,0x00,0x30, 0x30,0x00,0x00,0x00, 0x00,0x00,0x00,0x06, 0x06,0x00,0x00,0x00,             //-:-
 362          0x00,0x00,0x00,0x30, 0x30,0x00,0x00,0x00, 0x00,0x00,0x08,0x0E, 0x06,0x00,0x00,0x00,             //-;-
 363          0x00,0x80,0xC0,0x60, 0x30,0x18,0x08,0x00, 0x00,0x00,0x01,0x03, 0x06,0x0C,0x08,0x00,             //-<-
 364          0x00,0x20,0x20,0x20, 0x20,0x20,0x20,0x00, 0x00,0x01,0x01,0x01, 0x01,0x01,0x01,0x00,             //-=-
 365          
 366          0x00,0x08,0x18,0x30, 0x60,0xC0,0x80,0x00, 0x00,0x08,0x0C,0x06, 0x03,0x01,0x00,0x00,             //->-                   ASCIIÁ†ÅÔºö0X
             -3E
 367          0x18,0x1C,0x04,0xC4, 0xE4,0x3C,0x18,0x00, 0x00,0x00,0x00,0x0D, 0x0D,0x00,0x00,0x00,             //-?-
 368          0xF0,0xF0,0x08,0xC8, 0xC8,0xF8,0xF0,0x00, 0x07,0x0F,0x08,0x0B, 0x0B,0x0B,0x01,0x00,             //-@-
 369          0xE0,0xF0,0x98,0x8C, 0x98,0xF0,0xE0,0x00, 0x0F,0x0F,0x00,0x00, 0x00,0x0F,0x0F,0x00,             //-A-                   ASCIIÁ†ÅÔºö0X
             -41
 370          0x04,0xFC,0xFC,0x44, 0x44,0xFC,0xB8,0x00, 0x08,0x0F,0x0F,0x08, 0x08,0x0F,0x07,0x00,             //-B-
 371          0xF0,0xF8,0x0C,0x04, 0x04,0x0C,0x18,0x00, 0x03,0x07,0x0C,0x08, 0x08,0x0C,0x06,0x00,             //-C-
 372          0x04,0xFC,0xFC,0x04, 0x0C,0xF8,0xF0,0x00, 0x08,0x0F,0x0F,0x08, 0x0C,0x07,0x03,0x00,             //-D-
 373          0x04,0xFC,0xFC,0x44, 0xE4,0x0C,0x1C,0x00, 0x08,0x0F,0x0F,0x08, 0x08,0x0C,0x0E,0x00,             //-E-
 374          0x04,0xFC,0xFC,0x44, 0xE4,0x0C,0x1C,0x00, 0x08,0x0F,0x0F,0x08, 0x00,0x00,0x00,0x00,             //-F-
 375          0xF0,0xF8,0x0C,0x84, 0x84,0x8C,0x98,0x00, 0x03,0x07,0x0C,0x08, 0x08,0x07,0x0F,0x00,             //-G-
 376          
 377          0xFC,0xFC,0x40,0x40, 0x40,0xFC,0xFC,0x00, 0x0F,0x0F,0x00,0x00, 0x00,0x0F,0x0F,0x00,             //-H-                   ASCIIÁ†ÅÔºö0X
             -48
 378          0x00,0x00,0x04,0xFC, 0xFC,0x04,0x00,0x00, 0x00,0x00,0x08,0x0F, 0x0F,0x08,0x00,0x00,             //-I-
 379          0x00,0x00,0x00,0x04, 0xFC,0xFC,0x04,0x00, 0x07,0x0F,0x08,0x08, 0x0F,0x07,0x00,0x00,             //-J-
 380          0x04,0xFC,0xFC,0xC0, 0xE0,0x3C,0x1C,0x00, 0x08,0x0F,0x0F,0x00, 0x01,0x0F,0x0E,0x00,             //-K-
 381          0x04,0xFC,0xFC,0x04, 0x00,0x00,0x00,0x00, 0x08,0x0F,0x0F,0x08, 0x08,0x0C,0x0E,0x00,             //-L-
 382          0xFC,0xFC,0x38,0x70, 0x38,0xFC,0xFC,0x00, 0x0F,0x0F,0x00,0x00, 0x00,0x0F,0x0F,0x00,             //-M-
 383          0xFC,0xFC,0x38,0x70, 0xE0,0xFC,0xFC,0x00, 0x0F,0x0F,0x00,0x00, 0x00,0x0F,0x0F,0x00,             //-N-
 384          0xF8,0xFC,0x04,0x04, 0x04,0xFC,0xF8,0x00, 0x07,0x0F,0x08,0x08, 0x08,0x0F,0x07,0x00,             //-O-
 385          0x04,0xFC,0xFC,0x44, 0x44,0x7C,0x38,0x00, 0x08,0x0F,0x0F,0x08, 0x00,0x00,0x00,0x00,             //-P-
 386          0xF8,0xFC,0x04,0x04, 0x04,0xFC,0xF8,0x00, 0x07,0x0F,0x08,0x0E, 0x3C,0x3F,0x27,0x00,             //-Q-
 387          
 388          0x04,0xFC,0xFC,0x44, 0xC4,0xFC,0x38,0x00, 0x08,0x0F,0x0F,0x00, 0x00,0x0F,0x0F,0x00,             //-R-
 389          0x18,0x3C,0x64,0x44, 0xC4,0x9C,0x18,0x00, 0x06,0x0E,0x08,0x08, 0x08,0x0F,0x07,0x00,             //-S-            
 390          0x00,0x1C,0x0C,0xFC, 0xFC,0x0C,0x1C,0x00, 0x00,0x00,0x08,0x0F, 0x0F,0x08,0x00,0x00,             //-T-
 391          0xFC,0xFC,0x00,0x00, 0x00,0xFC,0xFC,0x00, 0x07,0x0F,0x08,0x08, 0x08,0x0F,0x07,0x00,             //-U-
 392          0xFC,0xFC,0x00,0x00, 0x00,0xFC,0xFC,0x00, 0x01,0x03,0x06,0x0C, 0x06,0x03,0x01,0x00,             //-V-
 393          0xFC,0xFC,0x00,0x00, 0x00,0xFC,0xFC,0x00, 0x07,0x0F,0x0E,0x03, 0x0E,0x0F,0x07,0x00,             //-W-
 394          0x0C,0x3C,0xF0,0xE0, 0xF0,0x3C,0x0C,0x00, 0x0C,0x0F,0x03,0x01, 0x03,0x0F,0x0C,0x00,             //-X-
 395          0x00,0x0C,0x7C,0xC0, 0xC0,0x7C,0x3C,0x00, 0x00,0x00,0x08,0x0F, 0x0F,0x08,0x00,0x00,             //-Y-
 396          0x1C,0x0C,0x84,0xC4, 0x64,0x3C,0x1C,0x00, 0x0E,0x0F,0x09,0x08, 0x08,0x0C,0x0E,0x00,             //-Z-
 397          0x00,0x00,0xFC,0xFC, 0x04,0x04,0x00,0x00, 0x00,0x00,0x0F,0x0F, 0x08,0x08,0x00,0x00,             //-[-
 398          
 399          0x38,0x70,0xE0,0xC0, 0x80,0x00,0x00,0x00, 0x00,0x00,0x00,0x01, 0x03,0x07,0x0E,0x00,             //-\-
 400          0x00,0x00,0x04,0x04, 0xFC,0xFC,0x00,0x00, 0x00,0x00,0x08,0x08, 0x0F,0x0F,0x00,0x00,             //-]-             
 401          0x08,0x0C,0x06,0x03, 0x06,0x0C,0x08,0x00, 0x00,0x00,0x00,0x00, 0x00,0x00,0x00,0x00,             //-^-
 402          0x00,0x00,0x00,0x00, 0x00,0x00,0x00,0x00, 0x20,0x20,0x20,0x20, 0x20,0x20,0x20,0x20,             //-_-
 403          0x00,0x00,0x03,0x07, 0x04,0x00,0x00,0x00, 0x00,0x00,0x00,0x00, 0x00,0x00,0x00,0x00,             //-`-
 404          0x00,0xA0,0xA0,0xA0, 0xE0,0xC0,0x00,0x00, 0x07,0x0F,0x08,0x08, 0x07,0x0F,0x08,0x00,             //-a-                   ASCIIÁ†ÅÔºö0X
             -61
 405          0x04,0xFC,0xFC,0x20, 0x60,0xC0,0x80,0x00, 0x00,0x0F,0x0F,0x08, 0x08,0x0F,0x07,0x00,             //-b-
 406          0xC0,0xE0,0x20,0x20, 0x20,0x60,0x40,0x00, 0x07,0x0F,0x08,0x08, 0x08,0x0C,0x04,0x00,             //-c-
 407          0x80,0xC0,0x60,0x24, 0xFC,0xFC,0x00,0x00, 0x07,0x0F,0x08,0x08, 0x07,0x0F,0x08,0x00,             //-d-
 408          0xC0,0xE0,0xA0,0xA0, 0xA0,0xE0,0xC0,0x00, 0x07,0x0F,0x08,0x08, 0x08,0x0C,0x04,0x00,             //-e-
 409          
 410          0x40,0xF8,0xFC,0x44, 0x0C,0x18,0x00,0x00, 0x08,0x0F,0x0F,0x08, 0x00,0x00,0x00,0x00,             //-f-
 411          0xC0,0xE0,0x20,0x20, 0xC0,0xE0,0x20,0x00, 0x27,0x6F,0x48,0x48, 0x7F,0x3F,0x00,0x00,             //-g-             
 412          0x04,0xFC,0xFC,0x40, 0x20,0xE0,0xC0,0x00, 0x08,0x0F,0x0F,0x00, 0x00,0x0F,0x0F,0x00,             //-h-
 413          0x00,0x00,0x20,0xEC, 0xEC,0x00,0x00,0x00, 0x00,0x00,0x08,0x0F, 0x0F,0x08,0x00,0x00,             //-i-
 414          0x00,0x00,0x00,0x00, 0x20,0xEC,0xEC,0x00, 0x00,0x30,0x70,0x40, 0x40,0x7F,0x3F,0x00,             //-j-
 415          0x04,0xFC,0xFC,0x80, 0xC0,0x60,0x20,0x00, 0x08,0x0F,0x0F,0x01, 0x03,0x0E,0x0C,0x00,             //-k-
C51 COMPILER V9.52.0.0   LCD_INIT                                                          02/24/2021 22:17:59 PAGE 8   

 416          0x00,0x00,0x04,0xFC, 0xFC,0x00,0x00,0x00, 0x00,0x00,0x08,0x0F, 0x0F,0x08,0x00,0x00,             //-l-
 417          0xE0,0xE0,0x60,0xC0, 0x60,0xE0,0xC0,0x00, 0x0F,0x0F,0x00,0x07, 0x00,0x0F,0x0F,0x00,             //-m-
 418          0x20,0xE0,0xC0,0x20, 0x20,0xE0,0xC0,0x00, 0x00,0x0F,0x0F,0x00, 0x00,0x0F,0x0F,0x00,             //-n-
 419          0xC0,0xE0,0x20,0x20, 0x20,0xE0,0xC0,0x00, 0x07,0x0F,0x08,0x08, 0x08,0x0F,0x07,0x00,             //-o-
 420          
 421          0x20,0xE0,0xC0,0x20, 0x20,0xE0,0xC0,0x00, 0x40,0x7F,0x7F,0x48, 0x08,0x0F,0x07,0x00,             //-p-
 422          0xC0,0xE0,0x20,0x20, 0xC0,0xE0,0x20,0x00, 0x07,0x0F,0x08,0x48, 0x7F,0x7F,0x40,0x00,             //-q-                   
 423          0x20,0xE0,0xC0,0x60, 0x20,0xE0,0xC0,0x00, 0x08,0x0F,0x0F,0x08, 0x00,0x00,0x00,0x00,             //-r-
 424          0x40,0xE0,0xA0,0x20, 0x20,0x60,0x40,0x00, 0x04,0x0C,0x09,0x09, 0x0B,0x0E,0x04,0x00,             //-s-
 425          0x20,0x20,0xF8,0xFC, 0x20,0x20,0x00,0x00, 0x00,0x00,0x07,0x0F, 0x08,0x0C,0x04,0x00,             //-t-
 426          0xE0,0xE0,0x00,0x00, 0xE0,0xE0,0x00,0x00, 0x07,0x0F,0x08,0x08, 0x07,0x0F,0x08,0x00,             //-u-
 427          0x00,0xE0,0xE0,0x00, 0x00,0xE0,0xE0,0x00, 0x00,0x03,0x07,0x0C, 0x0C,0x07,0x03,0x00,             //-v-
 428          0xE0,0xE0,0x00,0x80, 0x00,0xE0,0xE0,0x00, 0x07,0x0F,0x0C,0x07, 0x0C,0x0F,0x07,0x00,             //-w-
 429          0x20,0x60,0xC0,0x80, 0xC0,0x60,0x20,0x00, 0x08,0x0C,0x07,0x03, 0x07,0x0C,0x08,0x00,             //-x-
 430          0xE0,0xE0,0x00,0x00, 0x00,0xE0,0xE0,0x00, 0x47,0x4F,0x48,0x48, 0x68,0x3F,0x1F,0x00,             //-y-
 431          
 432          0x60,0x60,0x20,0xA0, 0xE0,0x60,0x20,0x00, 0x0C,0x0E,0x0B,0x09, 0x08,0x0C,0x0C,0x00,             //-z-                   //
 433          0x00,0x40,0x40,0xF8, 0xBC,0x04,0x04,0x00, 0x00,0x00,0x00,0x07, 0x0F,0x08,0x08,0x00,             //-{-                   
 434          0x00,0x00,0x00,0xBC, 0xBC,0x00,0x00,0x00, 0x00,0x00,0x00,0x0F, 0x0F,0x00,0x00,0x00,             //-|-
 435          0x00,0x04,0x04,0xBC, 0xF8,0x40,0x40,0x00, 0x00,0x08,0x08,0x0F, 0x07,0x00,0x00,0x00,             //-}-
 436          0x08,0x0C,0x04,0x0C, 0x08,0x0C,0x04,0x00, 0x00,0x00,0x00,0x00, 0x00,0x00,0x00,0x00,             //-~-              ASCIIÁ†ÅÔºö
             -0X7E
 437          
 438          };
 439          


MODULE INFORMATION:   STATIC OVERLAYABLE
   CODE SIZE        =    892    ----
   CONSTANT SIZE    =   1722    ----
   XDATA SIZE       =   ----    ----
   PDATA SIZE       =   ----      23
   DATA SIZE        =   ----    ----
   IDATA SIZE       =   ----    ----
   BIT SIZE         =   ----    ----
END OF MODULE INFORMATION.


C51 COMPILATION COMPLETE.  0 WARNING(S),  0 ERROR(S)
