C51 COMPILER V9.52.0.0   MAIN                                                              02/24/2021 22:36:07 PAGE 1   


C51 COMPILER V9.52.0.0, COMPILATION OF MODULE MAIN
OBJECT MODULE PLACED IN main.obj
COMPILER INVOKED BY: C:\Keil\C51\BIN\C51.EXE APP\main.c COMPACT BROWSE INCDIR(.\mcu_sdk) DEBUG OBJECTEXTEND PRINT(.\main
                    -.lst) OBJECT(main.obj)

line level    source

   1          /**************************Copyleft(C)LYL&BIOBASE******************                
   2          **-------------------File Info-------------------------------------
   3          **File Name:     main.c
   4          **Last modified Date:  2017.04.22
   5          **MCU:           STC15W4K48S4
   6          **Last Version:  1.0
   7          **Descriptions:  
   8          **Created by: LYL   
   9          *******************************************************************/
  10          
  11          //#include "STC15W.h"
  12          #include "STC12.h"
  13          #include "wifi.h"
  14          #include "USART.h"
  15          #include "myiic.h"
  16          //#include "EEPROM.h"
  17          #include "LCD_init.h"
  18          #include "User_SHT30.h"
  19          //#include "LCD.h"
  20          //#include "control.h"
  21          //#include <stdio.h>
  22          //#include "DS1302.h"
  23          //#include<intrins.h>
  24          
  25          extern idata uint8 usart_RData;
  26          uint8 usert_temp;
  27          
  28          void delay_2(unsigned int z)//1ms延时 
  29          { 
  30   1              unsigned char x,x1; 
  31   1              for(;z>0;z--) 
  32   1              { 
  33   2                      for(x=0;x<114;x++) 
  34   2                      { 
  35   3                              for(x1=0;x1<1;x1++); 
  36   3                      } 
  37   2              } 
  38   1      }
  39          
  40           
  41          void PortInit(void)
  42          {
  43   1         
  44   1       
  45   1              P1M1=0xD5;
  46   1              P1M0=0x23;
  47   1              P2M1=0xBF; 
  48   1              P2M0= 0x40;
  49   1              P3M1=0xA0; 
  50   1              P3M0= 0x00;
  51   1      
  52   1              IT0 = 1;                        //set INT0 int type (1:Falling 0:Low level)     
  53   1          EX0 = 0;                        //enable INT0 interrupt
  54   1              IT1 = 1;                        //set INT1 int type (1:Falling 0:Low level)
C51 COMPILER V9.52.0.0   MAIN                                                              02/24/2021 22:36:07 PAGE 2   

  55   1              EX1 = 0;                        //enable INT0 interrupt
  56   1          EA = 1;                         //open global interrupt switch
  57   1      }
  58          
  59          void LED_CTR(void)
  60          {
  61   1              static uint8 i = 0;
  62   1              i++;
  63   1              if(i < 30)
  64   1              {
  65   2                      LED_TEST = 0;
  66   2              }
  67   1              else if( i < 60)
  68   1              {
  69   2                      LED_TEST = 1;
  70   2              }
  71   1              else i =0;
  72   1      }
  73          void main(void)
  74          {
  75   1              delay_2(50);
  76   1              PortInit();
  77   1              IIC_Init();
  78   1              initial_lcd();
  79   1              clear_screen();
  80   1              SHT_Init();
  81   1              USART_Init();
  82   1              wifi_protocol_init();
  83   1              while(1)
  84   1              {  
  85   2                      wifi_uart_service();
  86   2                      //sht30_read();
  87   2                      mcu_dp_value_update(DPID_TEMP_CURRENT,300);     //VALUE型数据上报;
  88   2                      mcu_dp_value_update(DPID_HUMIDITY_VALUE,98); //VALUE型数据上报;
  89   2                      TY_display();
  90   2                      //LED_TEST = 0;
  91   2      //              if(usert_temp != usart_RData)
  92   2      //              {
  93   2      //                      sendchar(usart_RData);
  94   2      //                      usert_temp = usart_RData;
  95   2      //              }
  96   2                      
  97   2                      // sendchar(0x55);
  98   2                      // sendchar(0x44);
  99   2                      // sendchar(0x33);
 100   2                      LED_CTR();
 101   2              }
 102   1      }
 103          
 104          


MODULE INFORMATION:   STATIC OVERLAYABLE
   CODE SIZE        =    156    ----
   CONSTANT SIZE    =   ----    ----
   XDATA SIZE       =   ----    ----
   PDATA SIZE       =      2    ----
   DATA SIZE        =   ----    ----
   IDATA SIZE       =   ----    ----
   BIT SIZE         =   ----    ----
END OF MODULE INFORMATION.


C51 COMPILATION COMPLETE.  0 WARNING(S),  0 ERROR(S)
