C51 COMPILER V9.52.0.0   MYIIC                                                             02/24/2021 22:18:00 PAGE 1   


C51 COMPILER V9.52.0.0, COMPILATION OF MODULE MYIIC
OBJECT MODULE PLACED IN myiic.obj
COMPILER INVOKED BY: C:\Keil\C51\BIN\C51.EXE APP\myiic.c COMPACT BROWSE INCDIR(.\mcu_sdk) DEBUG OBJECTEXTEND PRINT(.\myi
                    -ic.lst) OBJECT(myiic.obj)

line level    source

   1          #include "myiic.h"
   2          #include "init.h"
   3          //////////////////////////////////////////////////////////////////////////////////       
   4                                                                            
   5          //////////////////////////////////////////////////////////////////////////////////
   6          void delay_us(uint8 cnt)
   7          {
   8   1              //uint8 i =0;
   9   1              for(;cnt>1;cnt--)
  10   1              {
  11   2      
  12   2              }
  13   1      } 
  14          //初始化IIC
  15          void IIC_Init(void)
  16          {                                            
  17   1              
  18   1      }
  19          //产生IIC起始信号
  20          void IIC_Start(void)
  21          {
  22   1              SDA_OUT();     //sda线输出
  23   1              IIC_SDA=1;                
  24   1              IIC_SCL=1;
  25   1              delay_us(4);
  26   1              IIC_SDA=0;//START:when CLK is high,DATA change form high to low 
  27   1              delay_us(4);
  28   1              IIC_SCL=0;//钳住I2C总线，准备发送或接收数据 
  29   1      }         
  30          //产生IIC停止信号
  31          void IIC_Stop(void)
  32          {
  33   1              SDA_OUT();//sda线输出
  34   1              IIC_SCL=0;
  35   1              IIC_SDA=0;//STOP:when CLK is high DATA change form low to high
  36   1              delay_us(4);
  37   1              IIC_SCL=1; 
  38   1              IIC_SDA=1;//发送I2C总线结束信号
  39   1              delay_us(4);                                                            
  40   1      }
  41          //等待应答信号到来
  42          //返回值：1，接收应答失败
  43          //        0，接收应答成功
  44          /* uint8 IIC_Wait_Ack(void)
  45          {
  46                  uint8 ucErrTime=0;
  47                  SDA_IN();      //SDA设置为输入  
  48                  IIC_SDA=1;delay_us(1);     
  49                  IIC_SCL=1;delay_us(1);   
  50                  while(READ_SDA)
  51                  {
  52                          ucErrTime++;
  53                          if(ucErrTime>250)
  54                          {
C51 COMPILER V9.52.0.0   MYIIC                                                             02/24/2021 22:18:00 PAGE 2   

  55                                  IIC_Stop();
  56                                  return 1;
  57                          }
  58                  }
  59                  IIC_SCL=0;//时钟输出0          
  60                  return 0;  
  61          }  */
  62          //产生ACK应答
  63          void IIC_Ack(void)
  64          {
  65   1              IIC_SCL=0;
  66   1              SDA_OUT();
  67   1              IIC_SDA=0;
  68   1              delay_us(2);
  69   1              IIC_SCL=1;
  70   1              delay_us(2);
  71   1              IIC_SCL=0;
  72   1      }
  73          //不产生ACK应答                
  74          void IIC_NAck(void)
  75          {
  76   1              IIC_SCL=0;
  77   1              SDA_OUT();
  78   1              IIC_SDA=1;
  79   1              delay_us(2);
  80   1              IIC_SCL=1;
  81   1              delay_us(2);
  82   1              IIC_SCL=0;
  83   1      }                                                                            
  84          //IIC发送一个字节
  85          //返回从机有无应答
  86          //1，有应答
  87          //0，无应答                   
  88          void IIC_Send_Byte(uint8 txd)
  89          {                        
  90   1          uint8 t;   
  91   1              SDA_OUT();          
  92   1          IIC_SCL=0;//拉低时钟开始数据传输
  93   1          for(t=0;t<8;t++)
  94   1          {              
  95   2              //IIC_SDA=(txd&0x80)>>7;
  96   2                      if((txd&0x80)>>7)
  97   2                              IIC_SDA=1;
  98   2                      else
  99   2                              IIC_SDA=0;
 100   2                      txd<<=1;          
 101   2                      delay_us(2);   //对TEA5767这三个延时都是必须的
 102   2                      IIC_SCL=1;
 103   2                      delay_us(2); 
 104   2                      IIC_SCL=0;      
 105   2                      delay_us(2);
 106   2          }    
 107   1      }           
 108          //读1个字节，ack=1时，发送ACK，ack=0，发送nACK   
 109          uint8 IIC_Read_Byte(unsigned char ack)
 110          {
 111   1              unsigned char i,receive=0;
 112   1              SDA_IN();//SDA设置为输入
 113   1          for(i=0;i<8;i++ )
 114   1              {
 115   2              IIC_SCL=0; 
 116   2              delay_us(2);
C51 COMPILER V9.52.0.0   MYIIC                                                             02/24/2021 22:18:00 PAGE 3   

 117   2                      IIC_SCL=1;
 118   2              receive<<=1;
 119   2              if(READ_SDA)receive++;   
 120   2                      delay_us(1); 
 121   2          }                                    
 122   1          if (!ack)
 123   1              IIC_NAck();//发送nACK
 124   1          else
 125   1              IIC_Ack(); //发送ACK   
 126   1          return receive;
 127   1      }
 128          
 129          
 130          
 131          
 132          
 133          
 134          
 135          
 136          
 137          
 138          
 139          
 140          
 141          
 142          
 143          
 144          
 145          
 146          
 147          
 148          
 149          
 150          
 151          
 152          
 153          
 154          


MODULE INFORMATION:   STATIC OVERLAYABLE
   CODE SIZE        =    172    ----
   CONSTANT SIZE    =   ----    ----
   XDATA SIZE       =   ----    ----
   PDATA SIZE       =   ----    ----
   DATA SIZE        =   ----    ----
   IDATA SIZE       =   ----    ----
   BIT SIZE         =   ----    ----
END OF MODULE INFORMATION.


C51 COMPILATION COMPLETE.  0 WARNING(S),  0 ERROR(S)
